Determining if the pthread_create exist failed with the following output:
Change Dir: /home/benj/Projects/facil.io/sample_project/CMakeFiles/CMakeTmp

Run Build Command:"/usr/bin/make" "cmTC_59486/fast"
/usr/bin/make -f CMakeFiles/cmTC_59486.dir/build.make CMakeFiles/cmTC_59486.dir/build
make[1]: Entering directory '/home/benj/Projects/facil.io/sample_project/CMakeFiles/CMakeTmp'
Building C object CMakeFiles/cmTC_59486.dir/CheckSymbolExists.c.o
/usr/bin/cc    -o CMakeFiles/cmTC_59486.dir/CheckSymbolExists.c.o   -c /home/benj/Projects/facil.io/sample_project/CMakeFiles/CMakeTmp/CheckSymbolExists.c
Linking C executable cmTC_59486
/usr/bin/cmake -E cmake_link_script CMakeFiles/cmTC_59486.dir/link.txt --verbose=1
/usr/bin/cc      -rdynamic CMakeFiles/cmTC_59486.dir/CheckSymbolExists.c.o  -o cmTC_59486 
CMakeFiles/cmTC_59486.dir/CheckSymbolExists.c.o: In function `main':
CheckSymbolExists.c:(.text+0x1b): undefined reference to `pthread_create'
collect2: error: ld returned 1 exit status
make[1]: *** [CMakeFiles/cmTC_59486.dir/build.make:98: cmTC_59486] Error 1
make[1]: Leaving directory '/home/benj/Projects/facil.io/sample_project/CMakeFiles/CMakeTmp'
make: *** [Makefile:126: cmTC_59486/fast] Error 2

File /home/benj/Projects/facil.io/sample_project/CMakeFiles/CMakeTmp/CheckSymbolExists.c:
/* */
#include <pthread.h>

int main(int argc, char** argv)
{
  (void)argv;
#ifndef pthread_create
  return ((int*)(&pthread_create))[argc];
#else
  (void)argc;
  return 0;
#endif
}

Determining if the function pthread_create exists in the pthreads failed with the following output:
Change Dir: /home/benj/Projects/facil.io/sample_project/CMakeFiles/CMakeTmp

Run Build Command:"/usr/bin/make" "cmTC_ea9b8/fast"
/usr/bin/make -f CMakeFiles/cmTC_ea9b8.dir/build.make CMakeFiles/cmTC_ea9b8.dir/build
make[1]: Entering directory '/home/benj/Projects/facil.io/sample_project/CMakeFiles/CMakeTmp'
Building C object CMakeFiles/cmTC_ea9b8.dir/CheckFunctionExists.c.o
/usr/bin/cc   -DCHECK_FUNCTION_EXISTS=pthread_create   -o CMakeFiles/cmTC_ea9b8.dir/CheckFunctionExists.c.o   -c /usr/share/cmake-3.8/Modules/CheckFunctionExists.c
Linking C executable cmTC_ea9b8
/usr/bin/cmake -E cmake_link_script CMakeFiles/cmTC_ea9b8.dir/link.txt --verbose=1
/usr/bin/cc  -DCHECK_FUNCTION_EXISTS=pthread_create    -rdynamic CMakeFiles/cmTC_ea9b8.dir/CheckFunctionExists.c.o  -o cmTC_ea9b8 -lpthreads 
/usr/bin/ld: cannot find -lpthreads
collect2: error: ld returned 1 exit status
make[1]: *** [CMakeFiles/cmTC_ea9b8.dir/build.make:98: cmTC_ea9b8] Error 1
make[1]: Leaving directory '/home/benj/Projects/facil.io/sample_project/CMakeFiles/CMakeTmp'
make: *** [Makefile:126: cmTC_ea9b8/fast] Error 2


